Purchased 21505 stocks at $0.93 a share to lose $19999.65
21505 shares, $0.35 in capital, $0.00 in gains
Sold 21505 shares at $0.91 to gain $19569.55
0 shares, $0.35 in capital, $19569.55 in gains
Borrowing $19569.55 from gains
Purchased 20385 stocks at $0.96 a share to lose $19569.60
20385 shares, $0.30 in capital, $0.00 in gains
Sold 20385 shares at $0.99 to gain $20181.15
0 shares, $0.30 in capital, $20181.15 in gains
Borrowing $20,000 from gains
Purchased 19608 stocks at $1.02 a share to lose $20000.16
19608 shares, $0.14 in capital, $181.15 in gains
Borrowing $181.15000000000146 from gains
Purchased 174 stocks at $1.04 a share to lose $180.96
19782 shares, $0.33 in capital, $0.00 in gains
Sold 19782 shares at $0.99 to gain $19584.18
0 shares, $0.33 in capital, $19584.18 in gains
Borrowing $19584.18 from gains
Purchased 16883 stocks at $1.16 a share to lose $19584.28
16883 shares, $0.23 in capital, $0.00 in gains
Sold 16883 shares at $1.08 to gain $18233.64
0 shares, $0.23 in capital, $18233.64 in gains
Borrowing $18233.64 from gains
Purchased 16728 stocks at $1.09 a share to lose $18233.52
16728 shares, $0.35 in capital, $0.00 in gains
Sold 16728 shares at $1.12 to gain $18735.36
0 shares, $0.35 in capital, $18735.36 in gains
Borrowing $18735.36 from gains
Purchased 15484 stocks at $1.21 a share to lose $18735.64
15484 shares, $0.07 in capital, $0.00 in gains
Sold 15484 shares at $1.19 to gain $18425.96
0 shares, $0.07 in capital, $18425.96 in gains
Borrowing $18425.96 from gains
Purchased 16600 stocks at $1.11 a share to lose $18426.00
16600 shares, $0.03 in capital, $0.00 in gains
Sold 16600 shares at $1.08 to gain $17928.00
0 shares, $0.03 in capital, $17928.00 in gains
Borrowing $17928 from gains
Purchased 16600 stocks at $1.08 a share to lose $17928.00
16600 shares, $0.03 in capital, $0.00 in gains
Sold 16600 shares at $1.05 to gain $17430.00
0 shares, $0.03 in capital, $17430.00 in gains
Borrowing $17430 from gains
Purchased 21000 stocks at $0.83 a share to lose $17430.00
21000 shares, $0.03 in capital, $0.00 in gains
Sold 21000 shares at $0.81 to gain $17010.00
0 shares, $0.03 in capital, $17010.00 in gains
Borrowing $17010 from gains
Purchased 20250 stocks at $0.84 a share to lose $17010.00
20250 shares, $0.03 in capital, $0.00 in gains
Sold 20250 shares at $0.81 to gain $16402.50
0 shares, $0.03 in capital, $16402.50 in gains
Borrowing $16402.5 from gains
Purchased 19072 stocks at $0.86 a share to lose $16401.92
19072 shares, $0.61 in capital, $0.00 in gains
Sold 19072 shares at $0.92 to gain $17546.24
0 shares, $0.61 in capital, $17546.24 in gains
Borrowing $17546.24 from gains
Purchased 18089 stocks at $0.97 a share to lose $17546.33
18089 shares, $0.52 in capital, $0.00 in gains
Sold 18089 shares at $0.94 to gain $17003.66
0 shares, $0.52 in capital, $17003.66 in gains
Borrowing $17003.66 from gains
Purchased 19545 stocks at $0.87 a share to lose $17004.15
19545 shares, $0.03 in capital, $0.00 in gains
Sold 19545 shares at $1.05 to gain $20522.25
0 shares, $0.03 in capital, $20522.25 in gains
Borrowing $20,000 from gains
Purchased 18518 stocks at $1.08 a share to lose $19999.44
18518 shares, $0.59 in capital, $522.25 in gains
Borrowing $522.25 from gains
Purchased 488 stocks at $1.07 a share to lose $522.16
19006 shares, $0.68 in capital, $0.00 in gains
Sold 19006 shares at $1.01 to gain $19196.06
0 shares, $0.68 in capital, $19196.06 in gains
Borrowing $19196.06 from gains
Purchased 54847 stocks at $0.35 a share to lose $19196.45
54847 shares, $0.29 in capital, $0.00 in gains
Sold 54847 shares at $0.36 to gain $19744.92
0 shares, $0.29 in capital, $19744.92 in gains
Borrowing $19744.92 from gains
Purchased 73130 stocks at $0.27 a share to lose $19745.10
73130 shares, $0.11 in capital, $0.00 in gains
Sold 73130 shares at $0.36 to gain $26326.80
0 shares, $0.11 in capital, $26326.80 in gains
Borrowing $20,000 from gains
Purchased 52631 stocks at $0.38 a share to lose $19999.78
52631 shares, $0.33 in capital, $6326.80 in gains
Sold 52631 shares at $0.37 to gain $19473.47
0 shares, $0.33 in capital, $25800.27 in gains
Borrowing $20,000 from gains
Purchased 57143 stocks at $0.35 a share to lose $20000.05
57143 shares, $0.28 in capital, $5800.27 in gains
Borrowing $5800.27 from gains
Purchased 16573 stocks at $0.35 a share to lose $5800.55
73716 shares, $0.00 in capital, $0.00 in gains
Sold 73716 shares at $0.33 to gain $24326.28
0 shares, $0.00 in capital, $24326.28 in gains
Borrowing $20,000 from gains
Purchased 55555 stocks at $0.36 a share to lose $19999.80
55555 shares, $0.20 in capital, $4326.28 in gains
Borrowing $4326.2800000000025 from gains
Purchased 11385 stocks at $0.38 a share to lose $4326.30
66940 shares, $0.18 in capital, $0.00 in gains
Sold 66940 shares at $0.33 to gain $22090.20
0 shares, $0.18 in capital, $22090.20 in gains
Borrowing $20,000 from gains
Purchased 55556 stocks at $0.36 a share to lose $20000.16
55556 shares, $0.02 in capital, $2090.20 in gains
Sold 55556 shares at $0.35 to gain $19444.60
0 shares, $0.02 in capital, $21534.80 in gains
Borrowing $20,000 from gains
Purchased 54054 stocks at $0.37 a share to lose $19999.98
54054 shares, $0.04 in capital, $1534.80 in gains
Sold 54054 shares at $0.35 to gain $18918.90
0 shares, $0.04 in capital, $20453.70 in gains
Borrowing $20,000 from gains
Purchased 55555 stocks at $0.36 a share to lose $19999.80
55555 shares, $0.24 in capital, $453.70 in gains
Borrowing $453.6999999999971 from gains
Purchased 1163 stocks at $0.39 a share to lose $453.57
56718 shares, $0.37 in capital, $0.00 in gains
Sold 56718 shares at $0.36 to gain $20418.48
0 shares, $0.37 in capital, $20418.48 in gains
Borrowing $20,000 from gains
Purchased 51283 stocks at $0.39 a share to lose $20000.37
51283 shares, $0.00 in capital, $418.48 in gains
Borrowing $418.47999999999956 from gains
Purchased 1073 stocks at $0.39 a share to lose $418.47
52356 shares, $0.01 in capital, $0.00 in gains
Sold 52356 shares at $0.36 to gain $18848.16
0 shares, $0.01 in capital, $18848.16 in gains
Borrowing $18848.16 from gains
Purchased 45971 stocks at $0.41 a share to lose $18848.11
45971 shares, $0.06 in capital, $0.00 in gains
Sold 45971 shares at $0.45 to gain $20686.95
0 shares, $0.06 in capital, $20686.95 in gains
Borrowing $20,000 from gains
Purchased 43478 stocks at $0.46 a share to lose $19999.88
43478 shares, $0.18 in capital, $686.95 in gains
Sold 43478 shares at $0.45 to gain $19565.10
0 shares, $0.18 in capital, $20252.05 in gains
Borrowing $20,000 from gains
Purchased 51282 stocks at $0.39 a share to lose $19999.98
51282 shares, $0.20 in capital, $252.05 in gains
Borrowing $252.0500000000029 from gains
Purchased 663 stocks at $0.38 a share to lose $251.94
51945 shares, $0.31 in capital, $0.00 in gains
Sold 51945 shares at $0.36 to gain $18700.20
0 shares, $0.31 in capital, $18700.20 in gains
Borrowing $18700.2 from gains
Purchased 50541 stocks at $0.37 a share to lose $18700.17
50541 shares, $0.34 in capital, $0.00 in gains
Sold 50541 shares at $0.36 to gain $18194.76
0 shares, $0.34 in capital, $18194.76 in gains
Borrowing $18194.76 from gains
Purchased 49175 stocks at $0.37 a share to lose $18194.75
49175 shares, $0.35 in capital, $0.00 in gains
Sold 49175 shares at $0.36 to gain $17703.00
0 shares, $0.35 in capital, $17703.00 in gains
Borrowing $17703 from gains
Purchased 45393 stocks at $0.39 a share to lose $17703.27
45393 shares, $0.08 in capital, $0.00 in gains
Sold 45393 shares at $0.41 to gain $18611.13
0 shares, $0.08 in capital, $18611.13 in gains
Borrowing $18611.129999999997 from gains
Purchased 42298 stocks at $0.44 a share to lose $18611.12
42298 shares, $0.09 in capital, $0.00 in gains
Sold 42298 shares at $0.37 to gain $15650.26
0 shares, $0.09 in capital, $15650.26 in gains
Borrowing $15650.26 from gains
Purchased 44715 stocks at $0.35 a share to lose $15650.25
44715 shares, $0.10 in capital, $0.00 in gains
Sold 44715 shares at $0.34 to gain $15203.10
0 shares, $0.10 in capital, $15203.10 in gains
Borrowing $15203.1 from gains
Purchased 44715 stocks at $0.34 a share to lose $15203.10
44715 shares, $0.10 in capital, $0.00 in gains
Sold 44715 shares at $0.34 to gain $15203.10
0 shares, $0.10 in capital, $15203.10 in gains
Borrowing $15203.1 from gains
Purchased 46070 stocks at $0.33 a share to lose $15203.10
46070 shares, $0.10 in capital, $0.00 in gains
Sold 46070 shares at $0.32 to gain $14742.40
0 shares, $0.10 in capital, $14742.40 in gains
Borrowing $14742.4 from gains
Purchased 44674 stocks at $0.33 a share to lose $14742.42
44674 shares, $0.08 in capital, $0.00 in gains
Sold 44674 shares at $0.32 to gain $14295.68
0 shares, $0.08 in capital, $14295.68 in gains
Borrowing $14295.68 from gains
Purchased 51056 stocks at $0.28 a share to lose $14295.68
51056 shares, $0.08 in capital, $0.00 in gains
Sold 51056 shares at $0.31 to gain $15827.36
0 shares, $0.08 in capital, $15827.36 in gains
Borrowing $15827.36 from gains
Purchased 47961 stocks at $0.33 a share to lose $15827.13
47961 shares, $0.31 in capital, $0.00 in gains
Sold 47961 shares at $0.34 to gain $16306.74
0 shares, $0.31 in capital, $16306.74 in gains
Borrowing $16306.740000000002 from gains
Purchased 45297 stocks at $0.36 a share to lose $16306.92
45297 shares, $0.13 in capital, $0.00 in gains
Sold 45297 shares at $0.38 to gain $17212.86
0 shares, $0.13 in capital, $17212.86 in gains
Borrowing $17212.86 from gains
Purchased 44135 stocks at $0.39 a share to lose $17212.65
44135 shares, $0.34 in capital, $0.00 in gains
Sold 44135 shares at $0.37 to gain $16329.95
0 shares, $0.34 in capital, $16329.95 in gains
Borrowing $16329.949999999999 from gains
Purchased 42974 stocks at $0.38 a share to lose $16330.12
42974 shares, $0.17 in capital, $0.00 in gains
Sold 42974 shares at $0.39 to gain $16759.86
0 shares, $0.17 in capital, $16759.86 in gains
Borrowing $16759.86 from gains
Purchased 41900 stocks at $0.4 a share to lose $16760.00
41900 shares, $0.03 in capital, $0.00 in gains
Sold 41900 shares at $0.43 to gain $18017.00
0 shares, $0.03 in capital, $18017.00 in gains
Borrowing $18017 from gains
Purchased 40037 stocks at $0.45 a share to lose $18016.65
40037 shares, $0.38 in capital, $0.00 in gains
Sold 40037 shares at $0.44 to gain $17616.28
0 shares, $0.38 in capital, $17616.28 in gains
Borrowing $17616.28 from gains
Purchased 40968 stocks at $0.43 a share to lose $17616.24
40968 shares, $0.42 in capital, $0.00 in gains
Sold 40968 shares at $0.42 to gain $17206.56
0 shares, $0.42 in capital, $17206.56 in gains
Borrowing $17206.559999999998 from gains
Purchased 40969 stocks at $0.42 a share to lose $17206.98
40969 shares, $0.00 in capital, $0.00 in gains
Sold 40969 shares at $0.43 to gain $17616.67
0 shares, $0.00 in capital, $17616.67 in gains
Borrowing $17616.67 from gains
Purchased 40037 stocks at $0.44 a share to lose $17616.28
40037 shares, $0.39 in capital, $0.00 in gains
Sold 40037 shares at $0.43 to gain $17215.91
0 shares, $0.39 in capital, $17215.91 in gains
Borrowing $17215.91 from gains
Purchased 39127 stocks at $0.44 a share to lose $17215.88
39127 shares, $0.42 in capital, $0.00 in gains
Sold 39127 shares at $0.44 to gain $17215.88
0 shares, $0.42 in capital, $17215.88 in gains
Borrowing $17215.88 from gains
Purchased 39127 stocks at $0.44 a share to lose $17215.88
39127 shares, $0.42 in capital, $0.00 in gains
Sold 39127 shares at $0.42 to gain $16433.34
0 shares, $0.42 in capital, $16433.34 in gains
Borrowing $16433.34 from gains
Purchased 38218 stocks at $0.43 a share to lose $16433.74
38218 shares, $0.02 in capital, $0.00 in gains
Sold 38218 shares at $0.42 to gain $16051.56
0 shares, $0.02 in capital, $16051.56 in gains
Borrowing $16051.56 from gains
Purchased 35670 stocks at $0.45 a share to lose $16051.50
35670 shares, $0.08 in capital, $0.00 in gains
Sold 35670 shares at $0.43 to gain $15338.10
0 shares, $0.08 in capital, $15338.10 in gains
Borrowing $15338.1 from gains
Purchased 49478 stocks at $0.31 a share to lose $15338.18
49478 shares, $0.00 in capital, $0.00 in gains
Sold 49478 shares at $0.31 to gain $15338.18
0 shares, $0.00 in capital, $15338.18 in gains
Borrowing $15338.18 from gains
Purchased 46479 stocks at $0.33 a share to lose $15338.07
46479 shares, $0.11 in capital, $0.00 in gains
Sold 46479 shares at $0.28 to gain $13014.12
0 shares, $0.11 in capital, $13014.12 in gains
Borrowing $13014.12 from gains
Purchased 46479 stocks at $0.28 a share to lose $13014.12
46479 shares, $0.11 in capital, $0.00 in gains
Sold 46479 shares at $0.26 to gain $12084.54
0 shares, $0.11 in capital, $12084.54 in gains
Borrowing $12084.54 from gains
Purchased 44757 stocks at $0.27 a share to lose $12084.39
44757 shares, $0.26 in capital, $0.00 in gains
Sold 44757 shares at $0.26 to gain $11636.82
0 shares, $0.26 in capital, $11636.82 in gains
Borrowing $11636.82 from gains
Purchased 43100 stocks at $0.27 a share to lose $11637.00
43100 shares, $0.08 in capital, $0.00 in gains
Sold 43100 shares at $0.27 to gain $11637.00
0 shares, $0.08 in capital, $11637.00 in gains
Borrowing $11637 from gains
Purchased 44758 stocks at $0.26 a share to lose $11637.08
44758 shares, $0.00 in capital, $0.00 in gains
Sold 44758 shares at $0.25 to gain $11189.50
0 shares, $0.00 in capital, $11189.50 in gains
Borrowing $11189.5 from gains
Purchased 43036 stocks at $0.26 a share to lose $11189.36
43036 shares, $0.14 in capital, $0.00 in gains
Sold 43036 shares at $0.26 to gain $11189.36
0 shares, $0.14 in capital, $11189.36 in gains
Borrowing $11189.36 from gains
Purchased 41442 stocks at $0.27 a share to lose $11189.34
41442 shares, $0.16 in capital, $0.00 in gains
Sold 41442 shares at $0.26 to gain $10774.92
0 shares, $0.16 in capital, $10774.92 in gains
Borrowing $10774.92 from gains
Purchased 41442 stocks at $0.26 a share to lose $10774.92
41442 shares, $0.16 in capital, $0.00 in gains
Sold 41442 shares at $0.25 to gain $10360.50
0 shares, $0.16 in capital, $10360.50 in gains
Borrowing $10360.5 from gains
Purchased 39848 stocks at $0.26 a share to lose $10360.48
39848 shares, $0.18 in capital, $0.00 in gains
Sold 39848 shares at $0.28 to gain $11157.44
0 shares, $0.18 in capital, $11157.44 in gains
Borrowing $11157.44 from gains
Purchased 38474 stocks at $0.29 a share to lose $11157.46
38474 shares, $0.16 in capital, $0.00 in gains
Sold 38474 shares at $0.28 to gain $10772.72
0 shares, $0.16 in capital, $10772.72 in gains
Borrowing $10772.720000000001 from gains
Purchased 37147 stocks at $0.29 a share to lose $10772.63
37147 shares, $0.25 in capital, $0.00 in gains
Sold 37147 shares at $0.28 to gain $10401.16
0 shares, $0.25 in capital, $10401.16 in gains
Borrowing $10401.160000000002 from gains
Purchased 37147 stocks at $0.28 a share to lose $10401.16
37147 shares, $0.25 in capital, $0.00 in gains
Sold 37147 shares at $0.27 to gain $10029.69
0 shares, $0.25 in capital, $10029.69 in gains
Borrowing $10029.69 from gains
Purchased 37147 stocks at $0.27 a share to lose $10029.69
37147 shares, $0.25 in capital, $0.00 in gains
Sold 37147 shares at $0.26 to gain $9658.22
0 shares, $0.25 in capital, $9658.22 in gains
