Purchased 21505 stocks at $0.93 a share to lose $19999.65
21505 shares, $0.35 in capital, $0.00 in gains
Sold 21505 shares at $0.91 to gain $19569.55
0 shares, $0.35 in capital, $19569.55 in gains
Borrowing $19569.55 from gains
Purchased 20385 stocks at $0.96 a share to lose $19569.60
20385 shares, $0.30 in capital, $0.00 in gains
Sold 20385 shares at $0.99 to gain $20181.15
0 shares, $0.30 in capital, $20181.15 in gains
Borrowing $20,000 from gains
Purchased 19608 stocks at $1.02 a share to lose $20000.16
19608 shares, $0.14 in capital, $181.15 in gains
Borrowing $181.15000000000146 from gains
Purchased 174 stocks at $1.04 a share to lose $180.96
19782 shares, $0.33 in capital, $0.00 in gains
Sold 19782 shares at $0.99 to gain $19584.18
0 shares, $0.33 in capital, $19584.18 in gains
Borrowing $19584.18 from gains
Purchased 16883 stocks at $1.16 a share to lose $19584.28
16883 shares, $0.23 in capital, $0.00 in gains
Sold 16883 shares at $1.08 to gain $18233.64
0 shares, $0.23 in capital, $18233.64 in gains
Borrowing $18233.64 from gains
Purchased 16728 stocks at $1.09 a share to lose $18233.52
16728 shares, $0.35 in capital, $0.00 in gains
Sold 16728 shares at $1.12 to gain $18735.36
0 shares, $0.35 in capital, $18735.36 in gains
Borrowing $18735.36 from gains
Purchased 15484 stocks at $1.21 a share to lose $18735.64
15484 shares, $0.07 in capital, $0.00 in gains
Sold 15484 shares at $1.19 to gain $18425.96
0 shares, $0.07 in capital, $18425.96 in gains
Borrowing $18425.96 from gains
Purchased 16600 stocks at $1.11 a share to lose $18426.00
16600 shares, $0.03 in capital, $0.00 in gains
Sold 16600 shares at $1.08 to gain $17928.00
0 shares, $0.03 in capital, $17928.00 in gains
Borrowing $17928 from gains
Purchased 16600 stocks at $1.08 a share to lose $17928.00
16600 shares, $0.03 in capital, $0.00 in gains
Sold 16600 shares at $1.05 to gain $17430.00
0 shares, $0.03 in capital, $17430.00 in gains
Borrowing $17430 from gains
Purchased 21000 stocks at $0.83 a share to lose $17430.00
21000 shares, $0.03 in capital, $0.00 in gains
Sold 21000 shares at $0.81 to gain $17010.00
0 shares, $0.03 in capital, $17010.00 in gains
Borrowing $17010 from gains
Purchased 20250 stocks at $0.84 a share to lose $17010.00
20250 shares, $0.03 in capital, $0.00 in gains
Sold 20250 shares at $0.81 to gain $16402.50
0 shares, $0.03 in capital, $16402.50 in gains
Borrowing $16402.5 from gains
Purchased 19072 stocks at $0.86 a share to lose $16401.92
19072 shares, $0.61 in capital, $0.00 in gains
Sold 19072 shares at $0.92 to gain $17546.24
0 shares, $0.61 in capital, $17546.24 in gains
Borrowing $17546.24 from gains
Purchased 18089 stocks at $0.97 a share to lose $17546.33
18089 shares, $0.52 in capital, $0.00 in gains
Sold 18089 shares at $0.94 to gain $17003.66
0 shares, $0.52 in capital, $17003.66 in gains
Borrowing $17003.66 from gains
Purchased 19545 stocks at $0.87 a share to lose $17004.15
19545 shares, $0.03 in capital, $0.00 in gains
Sold 19545 shares at $1.05 to gain $20522.25
0 shares, $0.03 in capital, $20522.25 in gains
Borrowing $20,000 from gains
Purchased 18518 stocks at $1.08 a share to lose $19999.44
18518 shares, $0.59 in capital, $522.25 in gains
Borrowing $522.25 from gains
Purchased 488 stocks at $1.07 a share to lose $522.16
19006 shares, $0.68 in capital, $0.00 in gains
Sold 19006 shares at $1.01 to gain $19196.06
0 shares, $0.68 in capital, $19196.06 in gains
Borrowing $19196.06 from gains
Purchased 54847 stocks at $0.35 a share to lose $19196.45
54847 shares, $0.29 in capital, $0.00 in gains
Sold 54847 shares at $0.36 to gain $19744.92
0 shares, $0.29 in capital, $19744.92 in gains
Borrowing $19744.92 from gains
Purchased 73130 stocks at $0.27 a share to lose $19745.10
73130 shares, $0.11 in capital, $0.00 in gains
Sold 73130 shares at $0.26 to gain $19013.80
0 shares, $0.11 in capital, $19013.80 in gains
Borrowing $19013.8 from gains
Purchased 73130 stocks at $0.26 a share to lose $19013.80
73130 shares, $0.11 in capital, $0.00 in gains
Sold 73130 shares at $0.3 to gain $21939.00
0 shares, $0.11 in capital, $21939.00 in gains
Borrowing $20,000 from gains
Purchased 60606 stocks at $0.33 a share to lose $19999.98
60606 shares, $0.13 in capital, $1939.00 in gains
Borrowing $1939 from gains
Purchased 5540 stocks at $0.35 a share to lose $1939.00
66146 shares, $0.13 in capital, $0.00 in gains
Sold 66146 shares at $0.36 to gain $23812.56
0 shares, $0.13 in capital, $23812.56 in gains
Borrowing $20,000 from gains
Purchased 52631 stocks at $0.38 a share to lose $19999.78
52631 shares, $0.35 in capital, $3812.56 in gains
Sold 52631 shares at $0.37 to gain $19473.47
0 shares, $0.35 in capital, $23286.03 in gains
Borrowing $20,000 from gains
Purchased 57143 stocks at $0.35 a share to lose $20000.05
57143 shares, $0.30 in capital, $3286.03 in gains
Borrowing $3286.029999999999 from gains
Purchased 9389 stocks at $0.35 a share to lose $3286.15
66532 shares, $0.18 in capital, $0.00 in gains
Sold 66532 shares at $0.33 to gain $21955.56
0 shares, $0.18 in capital, $21955.56 in gains
Borrowing $20,000 from gains
Purchased 55556 stocks at $0.36 a share to lose $20000.16
55556 shares, $0.02 in capital, $1955.56 in gains
Borrowing $1955.5600000000013 from gains
Purchased 5146 stocks at $0.38 a share to lose $1955.48
60702 shares, $0.10 in capital, $0.00 in gains
Sold 60702 shares at $0.33 to gain $20031.66
0 shares, $0.10 in capital, $20031.66 in gains
Borrowing $20,000 from gains
Purchased 55555 stocks at $0.36 a share to lose $19999.80
55555 shares, $0.30 in capital, $31.66 in gains
Sold 55555 shares at $0.35 to gain $19444.25
0 shares, $0.30 in capital, $19475.91 in gains
Borrowing $19475.91 from gains
Purchased 52638 stocks at $0.37 a share to lose $19476.06
52638 shares, $0.15 in capital, $0.00 in gains
Sold 52638 shares at $0.35 to gain $18423.30
0 shares, $0.15 in capital, $18423.30 in gains
Borrowing $18423.3 from gains
Purchased 51176 stocks at $0.36 a share to lose $18423.36
51176 shares, $0.09 in capital, $0.00 in gains
Sold 51176 shares at $0.36 to gain $18423.36
0 shares, $0.09 in capital, $18423.36 in gains
Borrowing $18423.36 from gains
Purchased 47239 stocks at $0.39 a share to lose $18423.21
47239 shares, $0.24 in capital, $0.00 in gains
Sold 47239 shares at $0.36 to gain $17006.04
0 shares, $0.24 in capital, $17006.04 in gains
Borrowing $17006.04 from gains
Purchased 41478 stocks at $0.41 a share to lose $17005.98
41478 shares, $0.30 in capital, $0.00 in gains
Sold 41478 shares at $0.45 to gain $18665.10
0 shares, $0.30 in capital, $18665.10 in gains
Borrowing $18665.100000000002 from gains
Purchased 40576 stocks at $0.46 a share to lose $18664.96
40576 shares, $0.44 in capital, $0.00 in gains
Sold 40576 shares at $0.45 to gain $18259.20
0 shares, $0.44 in capital, $18259.20 in gains
Borrowing $18259.2 from gains
Purchased 46819 stocks at $0.39 a share to lose $18259.41
46819 shares, $0.23 in capital, $0.00 in gains
Sold 46819 shares at $0.36 to gain $16854.84
0 shares, $0.23 in capital, $16854.84 in gains
Borrowing $16854.84 from gains
Purchased 45554 stocks at $0.37 a share to lose $16854.98
45554 shares, $0.09 in capital, $0.00 in gains
Sold 45554 shares at $0.36 to gain $16399.44
0 shares, $0.09 in capital, $16399.44 in gains
Borrowing $16399.44 from gains
Purchased 42050 stocks at $0.39 a share to lose $16399.50
42050 shares, $0.03 in capital, $0.00 in gains
Sold 42050 shares at $0.41 to gain $17240.50
0 shares, $0.03 in capital, $17240.50 in gains
Borrowing $17240.5 from gains
Purchased 39183 stocks at $0.44 a share to lose $17240.52
39183 shares, $0.01 in capital, $0.00 in gains
Sold 39183 shares at $0.37 to gain $14497.71
0 shares, $0.01 in capital, $14497.71 in gains
Borrowing $14497.71 from gains
Purchased 41422 stocks at $0.35 a share to lose $14497.70
41422 shares, $0.02 in capital, $0.00 in gains
Sold 41422 shares at $0.34 to gain $14083.48
0 shares, $0.02 in capital, $14083.48 in gains
Borrowing $14083.480000000001 from gains
Purchased 41422 stocks at $0.34 a share to lose $14083.48
41422 shares, $0.02 in capital, $0.00 in gains
Sold 41422 shares at $0.34 to gain $14083.48
0 shares, $0.02 in capital, $14083.48 in gains
Borrowing $14083.480000000001 from gains
Purchased 42677 stocks at $0.33 a share to lose $14083.41
42677 shares, $0.09 in capital, $0.00 in gains
Sold 42677 shares at $0.32 to gain $13656.64
0 shares, $0.09 in capital, $13656.64 in gains
Borrowing $13656.64 from gains
Purchased 41384 stocks at $0.33 a share to lose $13656.72
41384 shares, $0.01 in capital, $0.00 in gains
Sold 41384 shares at $0.32 to gain $13242.88
0 shares, $0.01 in capital, $13242.88 in gains
Borrowing $13242.880000000001 from gains
Purchased 47296 stocks at $0.28 a share to lose $13242.88
47296 shares, $0.01 in capital, $0.00 in gains
Sold 47296 shares at $0.31 to gain $14661.76
0 shares, $0.01 in capital, $14661.76 in gains
Borrowing $14661.76 from gains
Purchased 44429 stocks at $0.33 a share to lose $14661.57
44429 shares, $0.20 in capital, $0.00 in gains
Sold 44429 shares at $0.33 to gain $14661.57
0 shares, $0.20 in capital, $14661.57 in gains
Borrowing $14661.570000000002 from gains
Purchased 44429 stocks at $0.33 a share to lose $14661.57
44429 shares, $0.20 in capital, $0.00 in gains
Sold 44429 shares at $0.34 to gain $15105.86
0 shares, $0.20 in capital, $15105.86 in gains
Borrowing $15105.86 from gains
Purchased 41961 stocks at $0.36 a share to lose $15105.96
41961 shares, $0.10 in capital, $0.00 in gains
Sold 41961 shares at $0.38 to gain $15945.18
0 shares, $0.10 in capital, $15945.18 in gains
Borrowing $15945.18 from gains
Purchased 40885 stocks at $0.39 a share to lose $15945.15
40885 shares, $0.13 in capital, $0.00 in gains
Sold 40885 shares at $0.37 to gain $15127.45
0 shares, $0.13 in capital, $15127.45 in gains
Borrowing $15127.45 from gains
Purchased 39809 stocks at $0.38 a share to lose $15127.42
39809 shares, $0.16 in capital, $0.00 in gains
Sold 39809 shares at $0.39 to gain $15525.51
0 shares, $0.16 in capital, $15525.51 in gains
Borrowing $15525.51 from gains
Purchased 38814 stocks at $0.4 a share to lose $15525.60
38814 shares, $0.07 in capital, $0.00 in gains
Sold 38814 shares at $0.39 to gain $15137.46
0 shares, $0.07 in capital, $15137.46 in gains
Borrowing $15137.460000000001 from gains
Purchased 36920 stocks at $0.41 a share to lose $15137.20
36920 shares, $0.33 in capital, $0.00 in gains
Sold 36920 shares at $0.43 to gain $15875.60
0 shares, $0.33 in capital, $15875.60 in gains
Borrowing $15875.6 from gains
Purchased 35279 stocks at $0.45 a share to lose $15875.55
35279 shares, $0.38 in capital, $0.00 in gains
Sold 35279 shares at $0.44 to gain $15522.76
0 shares, $0.38 in capital, $15522.76 in gains
Borrowing $15522.76 from gains
Purchased 36100 stocks at $0.43 a share to lose $15523.00
36100 shares, $0.14 in capital, $0.00 in gains
Sold 36100 shares at $0.42 to gain $15162.00
0 shares, $0.14 in capital, $15162.00 in gains
Borrowing $15162 from gains
Purchased 36100 stocks at $0.42 a share to lose $15162.00
36100 shares, $0.14 in capital, $0.00 in gains
Sold 36100 shares at $0.43 to gain $15523.00
0 shares, $0.14 in capital, $15523.00 in gains
Borrowing $15523 from gains
Purchased 35279 stocks at $0.44 a share to lose $15522.76
35279 shares, $0.38 in capital, $0.00 in gains
Sold 35279 shares at $0.43 to gain $15169.97
0 shares, $0.38 in capital, $15169.97 in gains
Borrowing $15169.97 from gains
Purchased 34478 stocks at $0.44 a share to lose $15170.32
34478 shares, $0.03 in capital, $0.00 in gains
Sold 34478 shares at $0.44 to gain $15170.32
0 shares, $0.03 in capital, $15170.32 in gains
Borrowing $15170.32 from gains
Purchased 34478 stocks at $0.44 a share to lose $15170.32
34478 shares, $0.03 in capital, $0.00 in gains
Sold 34478 shares at $0.42 to gain $14480.76
0 shares, $0.03 in capital, $14480.76 in gains
Borrowing $14480.76 from gains
Purchased 33676 stocks at $0.43 a share to lose $14480.68
33676 shares, $0.11 in capital, $0.00 in gains
Sold 33676 shares at $0.42 to gain $14143.92
0 shares, $0.11 in capital, $14143.92 in gains
Borrowing $14143.92 from gains
Purchased 31431 stocks at $0.45 a share to lose $14143.95
31431 shares, $0.08 in capital, $0.00 in gains
Sold 31431 shares at $0.43 to gain $13515.33
0 shares, $0.08 in capital, $13515.33 in gains
Borrowing $13515.33 from gains
Purchased 43598 stocks at $0.31 a share to lose $13515.38
43598 shares, $0.03 in capital, $0.00 in gains
Sold 43598 shares at $0.31 to gain $13515.38
0 shares, $0.03 in capital, $13515.38 in gains
Borrowing $13515.38 from gains
Purchased 40955 stocks at $0.33 a share to lose $13515.15
40955 shares, $0.26 in capital, $0.00 in gains
Sold 40955 shares at $0.31 to gain $12696.05
0 shares, $0.26 in capital, $12696.05 in gains
Borrowing $12696.05 from gains
Purchased 38473 stocks at $0.33 a share to lose $12696.09
38473 shares, $0.22 in capital, $0.00 in gains
Sold 38473 shares at $0.28 to gain $10772.44
0 shares, $0.22 in capital, $10772.44 in gains
Borrowing $10772.44 from gains
Purchased 38473 stocks at $0.28 a share to lose $10772.44
38473 shares, $0.22 in capital, $0.00 in gains
Sold 38473 shares at $0.26 to gain $10002.98
0 shares, $0.22 in capital, $10002.98 in gains
Borrowing $10002.98 from gains
Purchased 37048 stocks at $0.27 a share to lose $10002.96
37048 shares, $0.24 in capital, $0.00 in gains
Sold 37048 shares at $0.26 to gain $9632.48
0 shares, $0.24 in capital, $9632.48 in gains
Borrowing $9632.48 from gains
Purchased 35676 stocks at $0.27 a share to lose $9632.52
35676 shares, $0.20 in capital, $0.00 in gains
Sold 35676 shares at $0.27 to gain $9632.52
0 shares, $0.20 in capital, $9632.52 in gains
Borrowing $9632.52 from gains
Purchased 37048 stocks at $0.26 a share to lose $9632.48
37048 shares, $0.24 in capital, $0.00 in gains
Sold 37048 shares at $0.25 to gain $9262.00
0 shares, $0.24 in capital, $9262.00 in gains
Borrowing $9262 from gains
Purchased 35624 stocks at $0.26 a share to lose $9262.24
35624 shares, $0.00 in capital, $0.00 in gains
Sold 35624 shares at $0.26 to gain $9262.24
0 shares, $0.00 in capital, $9262.24 in gains
Borrowing $9262.24 from gains
Purchased 34304 stocks at $0.27 a share to lose $9262.08
34304 shares, $0.16 in capital, $0.00 in gains
Sold 34304 shares at $0.26 to gain $8919.04
0 shares, $0.16 in capital, $8919.04 in gains
Borrowing $8919.04 from gains
Purchased 34304 stocks at $0.26 a share to lose $8919.04
34304 shares, $0.16 in capital, $0.00 in gains
Sold 34304 shares at $0.25 to gain $8576.00
0 shares, $0.16 in capital, $8576.00 in gains
Borrowing $8576 from gains
Purchased 32985 stocks at $0.26 a share to lose $8576.10
32985 shares, $0.06 in capital, $0.00 in gains
Sold 32985 shares at $0.26 to gain $8576.10
0 shares, $0.06 in capital, $8576.10 in gains
Borrowing $8576.1 from gains
Purchased 30629 stocks at $0.28 a share to lose $8576.12
30629 shares, $0.04 in capital, $0.00 in gains
Sold 30629 shares at $0.28 to gain $8576.12
0 shares, $0.04 in capital, $8576.12 in gains
Borrowing $8576.12 from gains
Purchased 29572 stocks at $0.29 a share to lose $8575.88
29572 shares, $0.28 in capital, $0.00 in gains
Sold 29572 shares at $0.28 to gain $8280.16
0 shares, $0.28 in capital, $8280.16 in gains
Borrowing $8280.160000000002 from gains
Purchased 28553 stocks at $0.29 a share to lose $8280.37
28553 shares, $0.07 in capital, $0.00 in gains
Sold 28553 shares at $0.28 to gain $7994.84
0 shares, $0.07 in capital, $7994.84 in gains
Borrowing $7994.840000000001 from gains
Purchased 28553 stocks at $0.28 a share to lose $7994.84
28553 shares, $0.07 in capital, $0.00 in gains
Sold 28553 shares at $0.27 to gain $7709.31
0 shares, $0.07 in capital, $7709.31 in gains
Borrowing $7709.31 from gains
Purchased 28553 stocks at $0.27 a share to lose $7709.31
28553 shares, $0.07 in capital, $0.00 in gains
Sold 28553 shares at $0.26 to gain $7423.78
0 shares, $0.07 in capital, $7423.78 in gains
s010&e000&m000 Made $-12576.15
